09.2016.11 22:13:05	55.76	51.69	53.2	26.2
09.2016.11 22:13:06	55.58	50.13	54.47	25.34
09.2016.11 22:13:07	56.16	51.77	53.33	26.47
09.2016.11 22:13:08	55.45	51.26	53.6	25.2
09.2016.11 22:13:09	56.62	50.12	53.96	26.16
09.2016.11 22:13:10	56.21	51.28	54.97	26.5
09.2016.11 22:13:11	55.44	51.28	55.0	26.55
09.2016.11 22:13:12	56.17	51.67	53.2	26.12
09.2016.11 22:13:13	55.9	50.24	53.26	25.06
09.2016.11 22:13:14	56.85	51.3	53.27	26.28
09.2016.11 22:13:15	55.64	51.04	54.86	26.07
09.2016.11 22:13:16	56.11	50.24	54.11	26.92
09.2016.11 22:13:17	55.7	51.73	53.11	26.95
09.2016.11 22:13:18	55.3	51.54	53.47	26.26
09.2016.11 22:13:19	56.84	51.68	54.85	25.23
09.2016.11 22:13:20	56.68	51.57	53.3	26.18
09.2016.11 22:13:21	56.61	50.13	54.17	26.47
09.2016.11 22:13:22	56.49	51.1	53.61	25.01
09.2016.11 22:13:23	56.8	51.55	53.64	25.65
09.2016.11 22:13:24	56.26	50.05	53.23	26.04
09.2016.11 22:13:25	56.92	50.04	54.01	26.83
09.2016.11 22:13:26	55.16	51.63	53.63	26.58
09.2016.11 22:13:27	56.64	50.28	53.68	26.4
09.2016.11 22:13:28	56.43	51.09	54.87	26.9
09.2016.11 22:13:29	55.83	51.62	53.82	26.1
09.2016.11 22:13:30	55.81	51.61	54.68	26.2
09.2016.11 22:13:31	55.13	51.06	54.71	26.38
09.2016.11 22:13:32	56.17	51.77	54.4	25.45
09.2016.11 22:13:33	55.81	51.63	54.28	25.98
09.2016.11 22:13:34	55.75	50.07	53.25	26.15
09.2016.11 22:13:35	56.26	50.52	53.84	25.19
09.2016.11 22:13:36	56.13	50.47	54.48	26.81
09.2016.11 22:13:37	56.88	50.77	54.76	25.89
09.2016.11 22:13:38	56.88	51.12	54.31	26.45
09.2016.11 22:13:39	56.71	51.0	54.66	25.04
09.2016.11 22:13:40	55.26	50.81	54.77	26.83
09.2016.11 22:13:41	56.47	50.13	53.68	26.78
09.2016.11 22:13:42	55.24	50.91	54.94	26.38
09.2016.11 22:13:43	55.02	51.68	53.76	25.88
09.2016.11 22:13:44	56.29	50.22	54.96	25.41
09.2016.11 22:13:45	56.06	51.39	54.05	26.03
09.2016.11 22:13:46	55.91	50.57	53.09	26.91
09.2016.11 22:13:47	55.85	51.15	53.71	26.43
09.2016.11 22:13:48	55.19	51.19	53.01	26.46
09.2016.11 22:13:49	56.28	50.52	53.3	26.63
09.2016.11 22:13:50	55.25	50.61	54.47	26.31
09.2016.11 22:13:51	55.9	51.91	53.2	25.47
09.2016.11 22:13:52	55.68	51.41	53.28	25.8
09.2016.11 22:13:53	56.74	50.77	53.45	26.0
09.2016.11 22:13:54	55.62	50.02	53.57	26.01
09.2016.11 22:13:55	55.26	50.98	54.24	26.05
09.2016.11 22:13:56	56.87	51.58	54.75	26.08
09.2016.11 22:13:57	55.68	50.6	53.98	26.46
09.2016.11 22:13:58	56.14	50.42	54.02	26.38
09.2016.11 22:13:59	55.1	50.69	53.72	25.86
09.2016.11 22:14:00	55.44	51.17	53.61	26.79
09.2016.11 22:14:01	55.41	50.04	53.65	25.07
09.2016.11 22:14:02	56.71	50.79	54.3	26.8
09.2016.11 22:14:03	55.12	50.55	54.82	25.32
09.2016.11 22:14:04	55.66	51.16	53.54	26.55
09.2016.11 22:14:05	55.32	51.45	53.74	26.19
09.2016.11 22:14:06	55.08	50.05	53.54	25.15
09.2016.11 22:14:07	56.39	51.18	54.55	26.19
09.2016.11 22:14:08	55.87	51.55	54.09	25.95
09.2016.11 22:14:09	56.4	51.99	54.8	25.06
09.2016.11 22:14:10	56.35	50.23	53.79	25.34
09.2016.11 22:14:11	56.7	50.92	53.96	26.27
09.2016.11 22:14:12	55.71	51.33	53.4	26.73
09.2016.11 22:14:13	56.14	50.03	53.36	25.28
09.2016.11 22:14:14	55.53	50.26	53.91	26.75
09.2016.11 22:14:15	56.16	50.4	53.33	25.23
09.2016.11 22:14:16	56.03	51.2	53.68	26.77
09.2016.11 22:14:17	55.17	51.85	53.95	25.39
09.2016.11 22:14:18	55.79	51.27	53.04	25.6
09.2016.11 22:14:19	56.89	51.26	54.1	25.39
09.2016.11 22:14:20	56.41	50.3	54.06	26.12
09.2016.11 22:14:21	56.28	50.09	53.39	26.51
09.2016.11 22:14:22	56.18	51.17	54.74	25.27
09.2016.11 22:14:23	56.81	51.58	53.6	25.55
09.2016.11 22:14:24	55.14	50.6	53.95	26.48
09.2016.11 22:14:25	56.25	50.29	53.03	25.77
09.2016.11 22:14:26	56.54	50.91	53.86	26.0
09.2016.11 22:14:27	56.48	50.5	53.62	26.16
09.2016.11 22:14:28	56.56	51.94	53.46	26.23
09.2016.11 22:14:29	55.58	51.03	53.93	25.79
09.2016.11 22:14:30	56.25	50.17	54.13	25.64
09.2016.11 22:14:31	56.39	51.89	54.98	26.89
09.2016.11 22:14:32	56.81	50.45	54.77	25.03
09.2016.11 22:14:33	56.05	51.55	53.52	26.43
09.2016.11 22:14:34	56.22	51.15	54.0	25.87
09.2016.11 22:14:35	56.48	50.14	54.17	25.84
09.2016.11 22:14:36	55.53	51.86	54.66	26.72
09.2016.11 22:14:37	55.8	51.34	54.56	26.46
09.2016.11 22:14:38	56.27	51.71	54.74	26.75
09.2016.11 22:14:39	56.77	51.29	53.99	25.9
09.2016.11 22:14:40	56.48	50.76	53.23	25.54
09.2016.11 22:14:41	56.8	51.73	53.27	25.7
09.2016.11 22:14:42	55.03	50.36	54.85	25.74
09.2016.11 22:14:43	55.83	50.55	53.6	25.44
09.2016.11 22:14:44	55.36	51.14	53.28	25.27
09.2016.11 22:14:45	55.12	51.89	53.8	26.13
09.2016.11 22:14:46	55.83	51.15	54.35	25.78
09.2016.11 22:14:47	56.97	50.24	53.07	26.73
09.2016.11 22:14:48	56.58	50.22	53.15	25.01
09.2016.11 22:14:49	56.93	50.18	53.91	26.31
09.2016.11 22:14:50	56.48	50.69	54.86	25.68
09.2016.11 22:14:51	55.75	50.75	54.78	26.01
09.2016.11 22:14:52	55.96	51.48	53.51	26.39
09.2016.11 22:14:53	55.06	50.94	53.43	26.66
09.2016.11 22:14:54	55.58	50.77	53.83	25.01
09.2016.11 22:14:55	56.48	51.85	54.57	25.87
09.2016.11 22:14:56	56.61	50.81	53.65	25.46
09.2016.11 22:14:57	55.69	50.54	53.24	26.88
09.2016.11 22:14:58	55.05	50.63	54.79	26.01
09.2016.11 22:14:59	56.67	51.52	53.98	25.22
09.2016.11 22:15:00	56.64	50.5	53.44	25.69
09.2016.11 22:15:01	55.85	51.29	54.79	26.77
09.2016.11 22:15:02	55.56	51.7	53.59	26.31
09.2016.11 22:15:03	56.04	50.51	53.01	26.89
09.2016.11 22:15:04	55.23	50.17	53.69	25.47
09.2016.11 22:15:05	55.09	50.43	53.39	26.92
09.2016.11 22:15:06	56.21	50.54	54.98	26.29
09.2016.11 22:15:07	56.43	51.53	53.13	25.19
09.2016.11 22:15:08	56.54	50.99	54.82	26.97
09.2016.11 22:15:09	56.62	50.59	53.35	25.33
09.2016.11 22:15:10	56.26	50.9	53.86	25.36
09.2016.11 22:15:11	56.79	51.47	53.63	25.86
09.2016.11 22:15:12	56.17	51.76	54.04	25.21
09.2016.11 22:15:13	56.8	51.78	53.07	25.24
09.2016.11 22:15:14	56.63	51.77	54.76	26.4
09.2016.11 22:15:15	56.63	50.88	54.15	26.45
09.2016.11 22:15:16	56.57	52.0	53.74	26.5
09.2016.11 22:15:17	55.28	51.25	53.42	25.3
09.2016.11 22:15:18	55.79	51.39	54.01	26.7
09.2016.11 22:15:19	55.95	50.62	54.67	25.77
09.2016.11 22:15:20	55.82	51.98	53.35	26.16
09.2016.11 22:15:21	56.85	51.28	53.35	25.39
09.2016.11 22:15:22	55.9	51.97	53.49	26.03
09.2016.11 22:15:23	55.96	51.73	53.96	25.27
09.2016.11 22:15:24	56.75	50.37	53.03	26.69
09.2016.11 22:15:25	55.58	50.69	53.62	26.49
09.2016.11 22:15:26	55.09	51.23	53.36	25.37
09.2016.11 22:15:27	55.86	50.19	54.77	25.39
09.2016.11 22:15:28	56.32	50.68	54.78	26.82
09.2016.11 22:15:29	56.32	50.18	54.11	25.27
